<?xml version="1.0" encoding="UTF-8"?>
<testsuite xmlns:xsi="http://www.w3.org/2001/XMLSchema-instance" xsi:noNamespaceSchemaLocation="https://maven.apache.org/surefire/maven-surefire-plugin/xsd/surefire-test-report-3.0.xsd" version="3.0" name="by.epam.com.StringUtilsTest" time="0.054" tests="1" errors="0" skipped="0" failures="0">
  <properties>
    <property name="sun.desktop" value="windows"/>
    <property name="awt.toolkit" value="sun.awt.windows.WToolkit"/>
    <property name="file.encoding.pkg" value="sun.io"/>
    <property name="java.specification.version" value="1.8"/>
    <property name="sun.cpu.isalist" value="amd64"/>
    <property name="sun.jnu.encoding" value="Cp1251"/>
    <property name="java.class.path" value="C:\Kristina\MavenTask\target\test-classes;C:\Kristina\MavenTask\target\classes;C:\Users\ryzhi\.m2\repository\org\apache\commons\commons-lang3\3.10\commons-lang3-3.10.jar;C:\Users\ryzhi\.m2\repository\org\junit\jupiter\junit-jupiter-api\5.0.2\junit-jupiter-api-5.0.2.jar;C:\Users\ryzhi\.m2\repository\org\opentest4j\opentest4j\1.0.0\opentest4j-1.0.0.jar;C:\Users\ryzhi\.m2\repository\org\junit\platform\junit-platform-commons\1.0.2\junit-platform-commons-1.0.2.jar;C:\Users\ryzhi\.m2\repository\junit\junit\4.12\junit-4.12.jar;C:\Users\ryzhi\.m2\repository\org\hamcrest\hamcrest-core\1.3\hamcrest-core-1.3.jar;C:\Users\ryzhi\.m2\repository\org\junit\platform\junit-platform-launcher\1.0.2\junit-platform-launcher-1.0.2.jar;C:\Users\ryzhi\.m2\repository\org\junit\platform\junit-platform-engine\1.0.2\junit-platform-engine-1.0.2.jar;C:\Users\ryzhi\.m2\repository\org\junit\jupiter\junit-jupiter-engine\5.0.2\junit-jupiter-engine-5.0.2.jar;C:\Users\ryzhi\.m2\repository\org\junit\vintage\junit-vintage-engine\4.12.2\junit-vintage-engine-4.12.2.jar;C:\Users\ryzhi\.m2\repository\org\apiguardian\apiguardian-api\1.0.0\apiguardian-api-1.0.0.jar;"/>
    <property name="java.vm.vendor" value="Oracle Corporation"/>
    <property name="sun.arch.data.model" value="64"/>
    <property name="user.variant" value=""/>
    <property name="java.vendor.url" value="http://java.oracle.com/"/>
    <property name="user.timezone" value="Europe/Minsk"/>
    <property name="user.country.format" value="BY"/>
    <property name="java.vm.specification.version" value="1.8"/>
    <property name="os.name" value="Windows 10"/>
    <property name="user.country" value="RU"/>
    <property name="sun.java.launcher" value="SUN_STANDARD"/>
    <property name="sun.boot.library.path" value="C:\Program Files\Java\jdk1.8.0_231\jre\bin"/>
    <property name="sun.java.command" value="C:\Users\ryzhi\AppData\Local\Temp\surefire291034204450699000\surefirebooter8181400859476892753.jar C:\Users\ryzhi\AppData\Local\Temp\surefire291034204450699000 2020-12-26T13-37-07_262-jvmRun1 surefire7305540614538341657tmp surefire_01742440155158802368tmp"/>
    <property name="surefire.test.class.path" value="C:\Kristina\MavenTask\target\test-classes;C:\Kristina\MavenTask\target\classes;C:\Users\ryzhi\.m2\repository\org\apache\commons\commons-lang3\3.10\commons-lang3-3.10.jar;C:\Users\ryzhi\.m2\repository\org\junit\jupiter\junit-jupiter-api\5.0.2\junit-jupiter-api-5.0.2.jar;C:\Users\ryzhi\.m2\repository\org\opentest4j\opentest4j\1.0.0\opentest4j-1.0.0.jar;C:\Users\ryzhi\.m2\repository\org\junit\platform\junit-platform-commons\1.0.2\junit-platform-commons-1.0.2.jar;C:\Users\ryzhi\.m2\repository\junit\junit\4.12\junit-4.12.jar;C:\Users\ryzhi\.m2\repository\org\hamcrest\hamcrest-core\1.3\hamcrest-core-1.3.jar;C:\Users\ryzhi\.m2\repository\org\junit\platform\junit-platform-launcher\1.0.2\junit-platform-launcher-1.0.2.jar;C:\Users\ryzhi\.m2\repository\org\junit\platform\junit-platform-engine\1.0.2\junit-platform-engine-1.0.2.jar;C:\Users\ryzhi\.m2\repository\org\junit\jupiter\junit-jupiter-engine\5.0.2\junit-jupiter-engine-5.0.2.jar;C:\Users\ryzhi\.m2\repository\org\junit\vintage\junit-vintage-engine\4.12.2\junit-vintage-engine-4.12.2.jar;C:\Users\ryzhi\.m2\repository\org\apiguardian\apiguardian-api\1.0.0\apiguardian-api-1.0.0.jar;"/>
    <property name="sun.cpu.endian" value="little"/>
    <property name="user.home" value="C:\Users\ryzhi"/>
    <property name="user.language" value="ru"/>
    <property name="java.specification.vendor" value="Oracle Corporation"/>
    <property name="java.home" value="C:\Program Files\Java\jdk1.8.0_231\jre"/>
    <property name="basedir" value="C:\Kristina\MavenTask"/>
    <property name="file.separator" value="\"/>
    <property name="line.separator" value="&#10;"/>
    <property name="java.vm.specification.vendor" value="Oracle Corporation"/>
    <property name="java.specification.name" value="Java Platform API Specification"/>
    <property name="java.awt.graphicsenv" value="sun.awt.Win32GraphicsEnvironment"/>
    <property name="surefire.real.class.path" value="C:\Users\ryzhi\AppData\Local\Temp\surefire291034204450699000\surefirebooter8181400859476892753.jar"/>
    <property name="sun.boot.class.path" value="C:\Program Files\Java\jdk1.8.0_231\jre\lib\resources.jar;C:\Program Files\Java\jdk1.8.0_231\jre\lib\rt.jar;C:\Program Files\Java\jdk1.8.0_231\jre\lib\sunrsasign.jar;C:\Program Files\Java\jdk1.8.0_231\jre\lib\jsse.jar;C:\Program Files\Java\jdk1.8.0_231\jre\lib\jce.jar;C:\Program Files\Java\jdk1.8.0_231\jre\lib\charsets.jar;C:\Program Files\Java\jdk1.8.0_231\jre\lib\jfr.jar;C:\Program Files\Java\jdk1.8.0_231\jre\classes"/>
    <property name="user.script" value=""/>
    <property name="sun.management.compiler" value="HotSpot 64-Bit Tiered Compilers"/>
    <property name="java.runtime.version" value="1.8.0_231-b11"/>
    <property name="user.name" value="ryzhi"/>
    <property name="path.separator" value=";"/>
    <property name="os.version" value="10.0"/>
    <property name="java.endorsed.dirs" value="C:\Program Files\Java\jdk1.8.0_231\jre\lib\endorsed"/>
    <property name="java.runtime.name" value="Java(TM) SE Runtime Environment"/>
    <property name="file.encoding" value="Cp1251"/>
    <property name="java.vm.name" value="Java HotSpot(TM) 64-Bit Server VM"/>
    <property name="localRepository" value="C:\Users\ryzhi\.m2\repository"/>
    <property name="java.vendor.url.bug" value="http://bugreport.sun.com/bugreport/"/>
    <property name="java.io.tmpdir" value="C:\Users\ryzhi\AppData\Local\Temp\"/>
    <property name="java.version" value="1.8.0_231"/>
    <property name="user.dir" value="C:\Kristina\MavenTask"/>
    <property name="os.arch" value="amd64"/>
    <property name="java.vm.specification.name" value="Java Virtual Machine Specification"/>
    <property name="java.awt.printerjob" value="sun.awt.windows.WPrinterJob"/>
    <property name="sun.os.patch.level" value=""/>
    <property name="java.library.path" value="C:\Program Files\Java\jdk1.8.0_231\jre\bin;C:\WINDOWS\Sun\Java\bin;C:\WINDOWS\system32;C:\WINDOWS;C:\Maven\apache-maven-3.6.3\bin;C:\Program Files\MySQL\MySQL Shell 8.0\bin\;C:\Users\ryzhi\AppData\Local\Microsoft\WindowsApps;;C:\Program Files\JetBrains\IntelliJ IDEA Community Edition 2019.3.3\bin;;."/>
    <property name="java.vm.info" value="mixed mode"/>
    <property name="java.vendor" value="Oracle Corporation"/>
    <property name="java.vm.version" value="25.231-b11"/>
    <property name="java.ext.dirs" value="C:\Program Files\Java\jdk1.8.0_231\jre\lib\ext;C:\WINDOWS\Sun\Java\lib\ext"/>
    <property name="sun.io.unicode.encoding" value="UnicodeLittle"/>
    <property name="java.class.version" value="52.0"/>
  </properties>
  <testcase name="isPositiveNumberTest" classname="by.epam.com.StringUtilsTest" time="0.041"/>
</testsuite>